<?xml version="1.0" encoding="UTF-8"?>
<!-- Generated by org.testng.reporters.JUnitReportReporter -->
<testsuite hostname="DESKTOP-F704GOC" failures="0" tests="1" name="utilities.browserInvocation" time="0.020" errors="0" timestamp="12 Nov 2018 05:22:35 GMT" skipped="0">
  <testcase classname="utilities.browserInvocation" name="initializeDriver" time="0.020"/>
</testsuite> <!-- utilities.browserInvocation -->
