<?xml version="1.0" encoding="UTF-8"?>
<!-- Generated by org.testng.reporters.JUnitReportReporter -->
<testsuite hostname="DESKTOP-F704GOC" failures="0" tests="1" name="testCases.TestCase1" time="7.761" errors="0" timestamp="13 Nov 2018 02:02:44 GMT" skipped="0">
  <testcase classname="testCases.TestCase1" name="testTestCase1" time="7.761"/>
</testsuite> <!-- testCases.TestCase1 -->
