<?xml version="1.0" encoding="UTF-8"?>
<!-- Generated by org.testng.reporters.JUnitReportReporter -->
<testsuite hostname="DESKTOP-F704GOC" failures="0" tests="1" name="testCases.TestCase5" time="13.131" errors="0" timestamp="12 Nov 2018 22:37:50 GMT" skipped="0">
  <testcase classname="testCases.TestCase5" name="testTestCase5" time="13.131"/>
</testsuite> <!-- testCases.TestCase5 -->
