<?xml version="1.0" encoding="UTF-8"?>
<!-- Generated by org.testng.reporters.JUnitReportReporter -->
<testsuite hostname="DESKTOP-F704GOC" failures="0" tests="1" name="testCases.TestCase2" time="6.923" errors="0" timestamp="12 Nov 2018 22:37:50 GMT" skipped="0">
  <testcase classname="testCases.TestCase2" name="testTestCase2" time="6.923"/>
</testsuite> <!-- testCases.TestCase2 -->
