<?xml version="1.0" encoding="UTF-8"?>
<!-- Generated by org.testng.reporters.JUnitReportReporter -->
<testsuite hostname="DESKTOP-F704GOC" failures="0" tests="1" name="testCases.TestCase4" time="10.047" errors="0" timestamp="13 Nov 2018 02:16:19 GMT" skipped="0">
  <testcase classname="testCases.TestCase4" name="testTestCase4" time="10.047"/>
</testsuite> <!-- testCases.TestCase4 -->
