<?xml version="1.0" encoding="UTF-8"?>
<!-- Generated by org.testng.reporters.JUnitReportReporter -->
<testsuite hostname="DESKTOP-F704GOC" failures="0" tests="1" name="testCases.TestCase5" time="13.744" errors="0" timestamp="13 Nov 2018 02:16:19 GMT" skipped="0">
  <testcase classname="testCases.TestCase5" name="testTestCase5" time="13.744"/>
</testsuite> <!-- testCases.TestCase5 -->
